\BOOKMARK [0][-]{chapter*.4}{Contents}{}% 1
\BOOKMARK [0][-]{chapter*.5}{List of Figures}{}% 2
\BOOKMARK [0][-]{chapter*.6}{List of Tables}{}% 3
\BOOKMARK [0][-]{chapter*.6}{Nomenclature}{}% 4
\BOOKMARK [0][-]{chapter*.8}{Listings}{}% 5
\BOOKMARK [0][-]{chapter.1}{Introduction}{}% 6
\BOOKMARK [1][-]{section.1.1}{Context}{chapter.1}% 7
\BOOKMARK [1][-]{section.1.2}{Motivation}{chapter.1}% 8
\BOOKMARK [1][-]{section.1.3}{Problem Statement}{chapter.1}% 9
\BOOKMARK [1][-]{section.1.4}{Research Questions}{chapter.1}% 10
\BOOKMARK [1][-]{section.1.5}{Approach}{chapter.1}% 11
\BOOKMARK [1][-]{section.1.6}{Thesis Overview}{chapter.1}% 12
\BOOKMARK [0][-]{chapter.2}{Background}{}% 13
\BOOKMARK [1][-]{section.2.1}{Intelligent Transportation System}{chapter.2}% 14
\BOOKMARK [1][-]{section.2.2}{Vehicle Platooning}{chapter.2}% 15
\BOOKMARK [1][-]{section.2.3}{Vehicular RF Channel}{chapter.2}% 16
\BOOKMARK [1][-]{section.2.4}{WiFi-p}{chapter.2}% 17
\BOOKMARK [1][-]{section.2.5}{UWB}{chapter.2}% 18
\BOOKMARK [1][-]{section.2.6}{UWB Ranging}{chapter.2}% 19
\BOOKMARK [1][-]{section.2.7}{LPCXpresso4337 development board}{chapter.2}% 20
\BOOKMARK [1][-]{section.2.8}{DecaWave DW1000}{chapter.2}% 21
\BOOKMARK [0][-]{chapter.3}{Related Work}{}% 22
\BOOKMARK [1][-]{section.3.1}{Summary}{chapter.3}% 23
\BOOKMARK [2][-]{subsection.3.1.1}{UWB for inter-vehicle communication}{section.3.1}% 24
\BOOKMARK [2][-]{subsection.3.1.2}{Interference of UWB on narrowband communication and vice-versa}{section.3.1}% 25
\BOOKMARK [2][-]{subsection.3.1.3}{UWB Ranging}{section.3.1}% 26
\BOOKMARK [1][-]{section.3.2}{Novelty}{chapter.3}% 27
\BOOKMARK [0][-]{chapter.4}{Test Platform Requirements}{}% 28
\BOOKMARK [1][-]{section.4.1}{Communication Performance Metrics}{chapter.4}% 29
\BOOKMARK [2][-]{subsection.4.1.1}{Packet Error Ratio}{section.4.1}% 30
\BOOKMARK [2][-]{subsection.4.1.2}{Message Error Ratio}{section.4.1}% 31
\BOOKMARK [2][-]{subsection.4.1.3}{Packet Latency}{section.4.1}% 32
\BOOKMARK [2][-]{subsection.4.1.4}{End-to-End Latency/Message Latency}{section.4.1}% 33
\BOOKMARK [2][-]{subsection.4.1.5}{Reliable and Unreliable link}{section.4.1}% 34
\BOOKMARK [1][-]{section.4.2}{Measurement Goals}{chapter.4}% 35
\BOOKMARK [2][-]{subsection.4.2.1}{Research Question RQ\13701}{section.4.2}% 36
\BOOKMARK [2][-]{subsection.4.2.2}{Research Question RQ\13702}{section.4.2}% 37
\BOOKMARK [2][-]{subsection.4.2.3}{Research Question RQ\13703}{section.4.2}% 38
\BOOKMARK [2][-]{subsection.4.2.4}{Research Question RQ\13704}{section.4.2}% 39
\BOOKMARK [1][-]{section.4.3}{Network Topology}{chapter.4}% 40
\BOOKMARK [1][-]{section.4.4}{Data Communication Primitive}{chapter.4}% 41
\BOOKMARK [1][-]{section.4.5}{Measurement Plan}{chapter.4}% 42
\BOOKMARK [2][-]{subsection.4.5.1}{Measurement Plan MP\137Interference}{section.4.5}% 43
\BOOKMARK [2][-]{subsection.4.5.2}{Measurement Plan MP\137Speed\137Or\137Acceleration\137Difference}{section.4.5}% 44
\BOOKMARK [2][-]{subsection.4.5.3}{Measurement Plan MP\137Distance}{section.4.5}% 45
\BOOKMARK [1][-]{section.4.6}{Test Platform Requirements}{chapter.4}% 46
\BOOKMARK [1][-]{section.4.7}{Post Processing Requirements}{chapter.4}% 47
\BOOKMARK [0][-]{chapter.5}{Test Platform Implementation}{}% 48
\BOOKMARK [1][-]{section.5.1}{Test Platform Design}{chapter.5}% 49
\BOOKMARK [1][-]{section.5.2}{Important Design Choices}{chapter.5}% 50
\BOOKMARK [1][-]{section.5.3}{Architecture}{chapter.5}% 51
\BOOKMARK [1][-]{section.5.4}{Implementation}{chapter.5}% 52
\BOOKMARK [2][-]{subsection.5.4.1}{State Connection}{section.5.4}% 53
\BOOKMARK [2][-]{subsection.5.4.2}{State Communication}{section.5.4}% 54
\BOOKMARK [2][-]{subsection.5.4.3}{State Result Communication}{section.5.4}% 55
\BOOKMARK [2][-]{subsection.5.4.4}{State Finish}{section.5.4}% 56
\BOOKMARK [2][-]{subsection.5.4.5}{Ranging Method}{section.5.4}% 57
\BOOKMARK [2][-]{subsection.5.4.6}{Ranging Implementation}{section.5.4}% 58
\BOOKMARK [2][-]{subsection.5.4.7}{Cross Verification of Design}{section.5.4}% 59
\BOOKMARK [2][-]{subsection.5.4.8}{MATLAB Implementation}{section.5.4}% 60
\BOOKMARK [0][-]{chapter.6}{Duty Cycle Requirements for UWB}{}% 61
\BOOKMARK [1][-]{section.6.1}{Low Duty Cycle}{chapter.6}% 62
\BOOKMARK [1][-]{section.6.2}{UWB PHY and Platooning Application}{chapter.6}% 63
\BOOKMARK [1][-]{section.6.3}{LDC Calculation for the Truck Platooning Application}{chapter.6}% 64
\BOOKMARK [0][-]{chapter.7}{Experiments and Results}{}% 65
\BOOKMARK [0][-]{chapter.8}{Conclusion and Future work}{}% 66
\BOOKMARK [0][-]{chapter*.63}{References}{}% 67
\BOOKMARK [0][-]{chapter*.63}{Appendix}{}% 68
\BOOKMARK [0][-]{appendix.A}{Configurations for Measurement Plan MP\137Interference}{}% 69
\BOOKMARK [0][-]{appendix.B}{Configurations for Measurement Plan MP\137Speed\137Or\137Acceleration\137Difference}{}% 70
\BOOKMARK [0][-]{appendix.C}{Configurations for Measurement Plan MP\137Distance}{}% 71
\BOOKMARK [1][-]{section.C.1}{110 Kbps}{appendix.C}% 72
\BOOKMARK [1][-]{section.C.2}{850 Kbps}{appendix.C}% 73
\BOOKMARK [1][-]{section.C.3}{6.8 Mbps}{appendix.C}% 74
\BOOKMARK [1][-]{section.C.4}{Antenna Rotation}{appendix.C}% 75
\BOOKMARK [0][-]{appendix.D}{Parameter encodings for configurations}{}% 76
