This is pdfTeX, Version 3.14159265-2.6-1.40.17 (MiKTeX 2.9) (preloaded format=pdflatex 2016.7.8)  11 AUG 2016 16:37
entering extended mode
**./thesis.tex
(thesis.tex
LaTeX2e <2016/03/31> patch level 1
Babel <3.9r> and hyphenation patterns for 75 language(s) loaded.
("C:\Program Files (x86)\MiKTeX 2.9\tex\latex\base\report.cls"
Document Class: report 2014/09/29 v1.4h Standard LaTeX document class
("C:\Program Files (x86)\MiKTeX 2.9\tex\latex\base\size10.clo"
File: size10.clo 2014/09/29 v1.4h Standard LaTeX file (size option)
)
\c@part=\count79
\c@chapter=\count80
\c@section=\count81
\c@subsection=\count82
\c@subsubsection=\count83
\c@paragraph=\count84
\c@subparagraph=\count85
\c@figure=\count86
\c@table=\count87
\abovecaptionskip=\skip41
\belowcaptionskip=\skip42
\bibindent=\dimen102
) (thesis.sty
Package: thesis 

(C:\Users\Abhishek\AppData\Roaming\MiKTeX\2.9\tex\latex\a4wide\a4wide.sty
Package: a4wide 1994/08/30

(C:\Users\Abhishek\AppData\Roaming\MiKTeX\2.9\tex\latex\ntgclass\a4.sty
Package: a4 2004/04/15 v1.2g A4 based page layout
))
("C:\Program Files (x86)\MiKTeX 2.9\tex\latex\amsmath\amsmath.sty"
Package: amsmath 2016/03/10 v2.15b AMS math features
\@mathmargin=\skip43

For additional information on amsmath, use the `?' option.
("C:\Program Files (x86)\MiKTeX 2.9\tex\latex\amsmath\amstext.sty"
Package: amstext 2000/06/29 v2.01 AMS text

("C:\Program Files (x86)\MiKTeX 2.9\tex\latex\amsmath\amsgen.sty"
File: amsgen.sty 1999/11/30 v2.0 generic functions
\@emptytoks=\toks14
\ex@=\dimen103
))
("C:\Program Files (x86)\MiKTeX 2.9\tex\latex\amsmath\amsbsy.sty"
Package: amsbsy 1999/11/29 v1.2d Bold Symbols
\pmbraise@=\dimen104
)
("C:\Program Files (x86)\MiKTeX 2.9\tex\latex\amsmath\amsopn.sty"
Package: amsopn 2016/03/08 v2.02 operator names
)
\inf@bad=\count88
LaTeX Info: Redefining \frac on input line 199.
\uproot@=\count89
\leftroot@=\count90
LaTeX Info: Redefining \overline on input line 297.
\classnum@=\count91
\DOTSCASE@=\count92
LaTeX Info: Redefining \ldots on input line 394.
LaTeX Info: Redefining \dots on input line 397.
LaTeX Info: Redefining \cdots on input line 518.
\Mathstrutbox@=\box26
\strutbox@=\box27
\big@size=\dimen105
LaTeX Font Info:    Redeclaring font encoding OML on input line 634.
LaTeX Font Info:    Redeclaring font encoding OMS on input line 635.
\macc@depth=\count93
\c@MaxMatrixCols=\count94
\dotsspace@=\muskip10
\c@parentequation=\count95
\dspbrk@lvl=\count96
\tag@help=\toks15
\row@=\count97
\column@=\count98
\maxfields@=\count99
\andhelp@=\toks16
\eqnshift@=\dimen106
\alignsep@=\dimen107
\tagshift@=\dimen108
\tagwidth@=\dimen109
\totwidth@=\dimen110
\lineht@=\dimen111
\@envbody=\toks17
\multlinegap=\skip44
\multlinetaggap=\skip45
\mathdisplay@stack=\toks18
LaTeX Info: Redefining \[ on input line 2739.
LaTeX Info: Redefining \] on input line 2740.
)
("C:\Program Files (x86)\MiKTeX 2.9\tex\generic\babel\babel.sty"
Package: babel 2016/04/23 3.9r The Babel package

*************************************
* Local config file bblopts.cfg used
*
(C:\Users\Abhishek\AppData\Roaming\MiKTeX\2.9\tex\latex\arabi\bblopts.cfg
File: bblopts.cfg 2005/09/08 v0.1 add Arabic and Farsi to "declared" options of
 babel
)
(C:\Users\Abhishek\AppData\Roaming\MiKTeX\2.9\tex\latex\babel-greek\greek.ldf
Language: greek 2016/02/04 v1.9f Greek support for the babel system

("C:\Program Files (x86)\MiKTeX 2.9\tex\generic\babel\babel.def"
File: babel.def 2016/04/23 3.9r Babel common definitions
\babel@savecnt=\count100
\U@D=\dimen112
)
\bbl@monogreek=\count101
\bbl@polygreek=\count102
\bbl@ancientgreek=\count103

(C:\Users\Abhishek\AppData\Roaming\MiKTeX\2.9\tex\latex\greek-fontenc\lgrenc.de
f
File: lgrenc.def 2015/12/07 v0.13.1 LGR Greek font encoding definitions

(C:\Users\Abhishek\AppData\Roaming\MiKTeX\2.9\tex\latex\greek-fontenc\greek-fon
tenc.def
File: greek-fontenc.def 2015/08/04 v0.13 Common Greek font encoding definitions

)))
("C:\Program Files (x86)\MiKTeX 2.9\tex\latex\babel-english\english.ldf"
Language: english 2012/08/20 v3.3p English support from the babel system
\l@canadian = a dialect from \language\l@american 
\l@australian = a dialect from \language\l@british 
\l@newzealand = a dialect from \language\l@british 
))
(C:\Users\Abhishek\AppData\Roaming\MiKTeX\2.9\tex\latex\fancyhdr\fancyhdr.sty
\fancy@headwidth=\skip46
\f@ncyO@elh=\skip47
\f@ncyO@erh=\skip48
\f@ncyO@olh=\skip49
\f@ncyO@orh=\skip50
\f@ncyO@elf=\skip51
\f@ncyO@erf=\skip52
\f@ncyO@olf=\skip53
\f@ncyO@orf=\skip54
)
("C:\Program Files (x86)\MiKTeX 2.9\tex\latex\graphics\graphicx.sty"
Package: graphicx 2014/10/28 v1.0g Enhanced LaTeX Graphics (DPC,SPQR)

("C:\Program Files (x86)\MiKTeX 2.9\tex\latex\graphics\keyval.sty"
Package: keyval 2014/10/28 v1.15 key=value parser (DPC)
\KV@toks@=\toks19
)
("C:\Program Files (x86)\MiKTeX 2.9\tex\latex\graphics\graphics.sty"
Package: graphics 2016/06/02 v1.0s Standard LaTeX Graphics (DPC,SPQR)

("C:\Program Files (x86)\MiKTeX 2.9\tex\latex\graphics\trig.sty"
Package: trig 2016/01/03 v1.10 sin cos tan (DPC)
)
("C:\Program Files (x86)\MiKTeX 2.9\tex\latex\00miktex\graphics.cfg"
File: graphics.cfg 2016/06/04 v1.11 sample graphics configuration
)
Package graphics Info: Driver file: pdftex.def on input line 99.

("C:\Program Files (x86)\MiKTeX 2.9\tex\latex\pdftex-def\pdftex.def"
File: pdftex.def 2016/06/17 v0.06h Graphics/color for pdfTeX

("C:\Program Files (x86)\MiKTeX 2.9\tex\generic\oberdiek\infwarerr.sty"
Package: infwarerr 2016/05/16 v1.4 Providing info/warning/error messages (HO)
)
("C:\Program Files (x86)\MiKTeX 2.9\tex\generic\oberdiek\ltxcmds.sty"
Package: ltxcmds 2016/05/16 v1.23 LaTeX kernel commands for general use (HO)
)
\Gread@gobject=\count104
))
\Gin@req@height=\dimen113
\Gin@req@width=\dimen114
)
("C:\Program Files (x86)\MiKTeX 2.9\tex\latex\oberdiek\grffile.sty"
Package: grffile 2016/05/16 v1.17 Extended file name support for graphics (HO)

("C:\Program Files (x86)\MiKTeX 2.9\tex\generic\oberdiek\ifpdf.sty"
Package: ifpdf 2016/05/14 v3.1 Provides the ifpdf switch
)
("C:\Program Files (x86)\MiKTeX 2.9\tex\generic\ifxetex\ifxetex.sty"
Package: ifxetex 2010/09/12 v0.6 Provides ifxetex conditional
)
("C:\Program Files (x86)\MiKTeX 2.9\tex\latex\oberdiek\kvoptions.sty"
Package: kvoptions 2016/05/16 v3.12 Key value format for package options (HO)

("C:\Program Files (x86)\MiKTeX 2.9\tex\generic\oberdiek\kvsetkeys.sty"
Package: kvsetkeys 2016/05/16 v1.17 Key value parser (HO)

("C:\Program Files (x86)\MiKTeX 2.9\tex\generic\oberdiek\etexcmds.sty"
Package: etexcmds 2016/05/16 v1.6 Avoid name clashes with e-TeX commands (HO)

("C:\Program Files (x86)\MiKTeX 2.9\tex\generic\oberdiek\ifluatex.sty"
Package: ifluatex 2016/05/16 v1.4 Provides the ifluatex switch (HO)
Package ifluatex Info: LuaTeX not detected.
)
Package etexcmds Info: Could not find \expanded.
(etexcmds)             That can mean that you are not using pdfTeX 1.50 or
(etexcmds)             that some package has redefined \expanded.
(etexcmds)             In the latter case, load this package earlier.
)))
("C:\Program Files (x86)\MiKTeX 2.9\tex\generic\oberdiek\pdftexcmds.sty"
Package: pdftexcmds 2016/05/21 v0.22 Utility functions of pdfTeX for LuaTeX (HO
)
Package pdftexcmds Info: LuaTeX not detected.
Package pdftexcmds Info: \pdf@primitive is available.
Package pdftexcmds Info: \pdf@ifprimitive is available.
Package pdftexcmds Info: \pdfdraftmode found.
)
Package grffile Info: Option `multidot' is set to `true'.
Package grffile Info: Option `extendedchars' is set to `false'.
Package grffile Info: Option `space' is set to `true'.
Package grffile Info: \Gin@ii of package `graphicx' fixed on input line 486.
)
("C:\Program Files (x86)\MiKTeX 2.9\tex\latex\psnfss\pifont.sty"
Package: pifont 2005/04/12 PSNFSS-v9.2a Pi font support (SPQR) 
LaTeX Font Info:    Try loading font information for U+pzd on input line 63.

("C:\Program Files (x86)\MiKTeX 2.9\tex\latex\psnfss\upzd.fd"
File: upzd.fd 2001/06/04 font definitions for U/pzd.
)
LaTeX Font Info:    Try loading font information for U+psy on input line 64.

("C:\Program Files (x86)\MiKTeX 2.9\tex\latex\psnfss\upsy.fd"
File: upsy.fd 2001/06/04 font definitions for U/psy.
))
(C:\Users\Abhishek\AppData\Roaming\MiKTeX\2.9\tex\latex\paralist\paralist.sty
Package: paralist 2015/12/30 v2.5 Extended list environments
\pltopsep=\skip55
\plpartopsep=\skip56
\plitemsep=\skip57
\plparsep=\skip58
\pl@lab=\toks20
)
("C:\Program Files (x86)\MiKTeX 2.9\tex\latex\graphics\color.sty"
Package: color 2016/06/02 v1.1d Standard LaTeX Color (DPC)

("C:\Program Files (x86)\MiKTeX 2.9\tex\latex\00miktex\color.cfg"
File: color.cfg 2016/01/02 v1.6 sample color configuration
)
Package color Info: Driver file: pdftex.def on input line 147.

("C:\Program Files (x86)\MiKTeX 2.9\tex\latex\graphics\dvipsnam.def"
File: dvipsnam.def 2016/06/17 v3.0m Driver-dependent file (DPC,SPQR)
))
(C:\Users\Abhishek\AppData\Roaming\MiKTeX\2.9\tex\latex\moreverb\moreverb.sty
Package: moreverb 2008/06/03 v2.3a `more' verbatim facilities

("C:\Program Files (x86)\MiKTeX 2.9\tex\latex\tools\verbatim.sty"
Package: verbatim 2014/10/28 v1.5q LaTeX2e package for verbatim enhancements
\every@verbatim=\toks21
\verbatim@line=\toks22
\verbatim@in@stream=\read1
)
\tab@position=\count105
\tab@size=\count106
\listing@line=\count107
)
("C:\Program Files (x86)\MiKTeX 2.9\tex\latex\graphics\lscape.sty"
Package: lscape 2000/10/22 v3.01 Landscape Pages (DPC)
)
(C:\Users\Abhishek\AppData\Roaming\MiKTeX\2.9\tex\latex\tocbibind\tocbibind.sty
Package: tocbibind 2010/10/13 v1.5k extra ToC listings
Package tocbibind Info: The document has chapter divisions on input line 50.

Package tocbibind Note: Using chapter style headings, unless overridden.

) (C:\Users\Abhishek\AppData\Roaming\MiKTeX\2.9\tex\latex\datetime\datetime.sty
Package: datetime 2015/03/20 v2.60 Date Time Package
(C:\Users\Abhishek\AppData\Roaming\MiKTeX\2.9\tex\latex\etoolbox\etoolbox.sty
Package: etoolbox 2015/08/02 v2.2a e-TeX tools for LaTeX (JAW)
\etb@tempcnta=\count108
)
(C:\Users\Abhishek\AppData\Roaming\MiKTeX\2.9\tex\latex\fmtcount\fmtcount.sty
Package: fmtcount 2015/05/05 v3.01

("C:\Program Files (x86)\MiKTeX 2.9\tex\latex\base\ifthen.sty"
Package: ifthen 2014/09/29 v1.1c Standard LaTeX ifthen package (DPC)
)
("C:\Program Files (x86)\MiKTeX 2.9\tex\latex\xkeyval\xkeyval.sty"
Package: xkeyval 2014/12/03 v2.7a package option processing (HA)

("C:\Program Files (x86)\MiKTeX 2.9\tex\generic\xkeyval\xkeyval.tex"
("C:\Program Files (x86)\MiKTeX 2.9\tex\generic\xkeyval\xkvutils.tex"
\XKV@toks=\toks23
\XKV@tempa@toks=\toks24
)
\XKV@depth=\count109
File: xkeyval.tex 2014/12/03 v2.7a key=value parser (HA)
))
(C:\Users\Abhishek\AppData\Roaming\MiKTeX\2.9\tex\latex\fmtcount\fcprefix.sty
Package: fcprefix 2012/09/28

(C:\Users\Abhishek\AppData\Roaming\MiKTeX\2.9\tex\latex\fmtcount\fcnumparser.st
y
Package: fcnumparser 2012/09/28
\fc@digit@counter=\count110
))
\c@padzeroesN=\count111
\fc@tmpcatcode=\count112

(C:\Users\Abhishek\AppData\Roaming\MiKTeX\2.9\tex\latex\fmtcount\fc-english.def
File: fc-english.def 2013/08/17
)
\@DT@modctr=\count113
\@ordinalctr=\count114
\@orgargctr=\count115
\@strctr=\count116
\@tmpstrctr=\count117
\@DT@loopN=\count118
\@DT@X=\count119
)
(C:\Users\Abhishek\AppData\Roaming\MiKTeX\2.9\tex\latex\datetime\datetime-defau
lts.sty
Package: datetime-defaults 2013/09/10
)
\@day=\count120
\@month=\count121
\@year=\count122
\c@HOUR=\count123
\c@HOURXII=\count124
\c@MINUTE=\count125
\c@TOHOUR=\count126
\c@TOMINUTE=\count127
\c@SECOND=\count128
\currenthour=\count129
\currentminute=\count130
\currentsecond=\count131
Package datetime Info: No datetime.cfg file found, using default settings on in
put line 308.
\@dtctr=\count132
\dayofyear=\count133
\dayofweek=\count134
LaTeX Info: Redefining \today on input line 736.

(C:\Users\Abhishek\AppData\Roaming\MiKTeX\2.9\tex\latex\datetime\dt-british.def
File: dt-british.def 2013/09/10
) (C:\Users\Abhishek\AppData\Roaming\MiKTeX\2.9\tex\latex\datetime\dt-greek.def
File: dt-greek.def 2013/09/10
LaTeX Info: Redefining \dategreek on input line 64.
)
\dt@a=\toks25
\dt@b=\toks26
) ("C:\Program Files (x86)\MiKTeX 2.9\tex\latex\tools\array.sty"
Package: array 2014/10/28 v2.4c Tabular extension package (FMi)
\col@sep=\dimen115
\extrarowheight=\dimen116
\NC@list=\toks27
\extratabsurround=\skip59
\backup@length=\skip60
)
("C:\Program Files (x86)\MiKTeX 2.9\tex\latex\hyperref\hyperref.sty"
Package: hyperref 2016/05/21 v6.83p Hypertext links for LaTeX

("C:\Program Files (x86)\MiKTeX 2.9\tex\generic\oberdiek\hobsub-hyperref.sty"
Package: hobsub-hyperref 2016/05/16 v1.14 Bundle oberdiek, subset hyperref (HO)


("C:\Program Files (x86)\MiKTeX 2.9\tex\generic\oberdiek\hobsub-generic.sty"
Package: hobsub-generic 2016/05/16 v1.14 Bundle oberdiek, subset generic (HO)
Package: hobsub 2016/05/16 v1.14 Construct package bundles (HO)
Package hobsub Info: Skipping package `infwarerr' (already loaded).
Package hobsub Info: Skipping package `ltxcmds' (already loaded).
Package hobsub Info: Skipping package `ifluatex' (already loaded).
Package: ifvtex 2016/05/16 v1.6 Detect VTeX and its facilities (HO)
Package ifvtex Info: VTeX not detected.
Package: intcalc 2016/05/16 v1.2 Expandable calculations with integers (HO)
Package hobsub Info: Skipping package `ifpdf' (already loaded).
Package hobsub Info: Skipping package `etexcmds' (already loaded).
Package hobsub Info: Skipping package `kvsetkeys' (already loaded).
Package: kvdefinekeys 2016/05/16 v1.4 Define keys (HO)
Package hobsub Info: Skipping package `pdftexcmds' (already loaded).
Package: pdfescape 2016/05/16 v1.14 Implements pdfTeX's escape features (HO)
Package: bigintcalc 2016/05/16 v1.4 Expandable calculations on big integers (HO
)
Package: bitset 2016/05/16 v1.2 Handle bit-vector datatype (HO)
Package: uniquecounter 2016/05/16 v1.3 Provide unlimited unique counter (HO)
)
Package hobsub Info: Skipping package `hobsub' (already loaded).
Package: letltxmacro 2016/05/16 v1.5 Let assignment for LaTeX macros (HO)
Package: hopatch 2016/05/16 v1.3 Wrapper for package hooks (HO)
Package: xcolor-patch 2016/05/16 xcolor patch
Package: atveryend 2016/05/16 v1.9 Hooks at the very end of document (HO)
Package: atbegshi 2016/06/09 v1.18 At begin shipout hook (HO)
Package: refcount 2016/05/16 v3.5 Data extraction from label references (HO)
Package: hycolor 2016/05/16 v1.8 Color options for hyperref/bookmark (HO)
)
("C:\Program Files (x86)\MiKTeX 2.9\tex\latex\oberdiek\auxhook.sty"
Package: auxhook 2016/05/16 v1.4 Hooks for auxiliary files (HO)
)
\@linkdim=\dimen117
\Hy@linkcounter=\count135
\Hy@pagecounter=\count136

("C:\Program Files (x86)\MiKTeX 2.9\tex\latex\hyperref\pd1enc.def"
File: pd1enc.def 2016/05/21 v6.83p Hyperref: PDFDocEncoding definition (HO)
)
\Hy@SavedSpaceFactor=\count137

("C:\Program Files (x86)\MiKTeX 2.9\tex\latex\00miktex\hyperref.cfg"
File: hyperref.cfg 2002/06/06 v1.2 hyperref configuration of TeXLive
)
Package hyperref Info: Option `colorlinks' set `true' on input line 4362.
Package hyperref Info: Option `bookmarks' set `true' on input line 4362.
Package hyperref Info: Hyper figures OFF on input line 4486.
Package hyperref Info: Link nesting OFF on input line 4491.
Package hyperref Info: Hyper index ON on input line 4494.
Package hyperref Info: Plain pages OFF on input line 4501.
Package hyperref Info: Backreferencing ON on input line 4504.
Package hyperref Info: Implicit mode ON; LaTeX internals redefined.
Package hyperref Info: Bookmarks ON on input line 4735.

("C:\Program Files (x86)\MiKTeX 2.9\tex\latex\hyperref\backref.sty"
Package: backref 2016/05/21 v1.39 Bibliographical back referencing

("C:\Program Files (x86)\MiKTeX 2.9\tex\latex\oberdiek\rerunfilecheck.sty"
Package: rerunfilecheck 2016/05/16 v1.8 Rerun checks for auxiliary files (HO)
Package uniquecounter Info: New unique counter `rerunfilecheck' on input line 2
82.
))
\c@Hy@tempcnt=\count138

(C:\Users\Abhishek\AppData\Roaming\MiKTeX\2.9\tex\latex\url\url.sty
\Urlmuskip=\muskip11
Package: url 2013/09/16  ver 3.4  Verb mode for urls, etc.
)
LaTeX Info: Redefining \url on input line 5088.
\XeTeXLinkMargin=\dimen118
\Fld@menulength=\count139
\Field@Width=\dimen119
\Fld@charsize=\dimen120
Package hyperref Info: Hyper figures OFF on input line 6342.
Package hyperref Info: Link nesting OFF on input line 6347.
Package hyperref Info: Hyper index ON on input line 6350.
Package hyperref Info: backreferencing ON on input line 6355.
Package hyperref Info: Link coloring ON on input line 6360.
Package hyperref Info: Link coloring with OCG OFF on input line 6367.
Package hyperref Info: PDF/A mode OFF on input line 6372.
LaTeX Info: Redefining \ref on input line 6412.
LaTeX Info: Redefining \pageref on input line 6416.
\Hy@abspage=\count140
\c@Item=\count141
\c@Hfootnote=\count142
)

Package hyperref Message: Driver (autodetected): hpdftex.

("C:\Program Files (x86)\MiKTeX 2.9\tex\latex\hyperref\hpdftex.def"
File: hpdftex.def 2016/05/21 v6.83p Hyperref driver for pdfTeX
\Fld@listcount=\count143
\c@bookmark@seq@number=\count144
\Hy@SectionHShift=\skip61
)
(C:\Users\Abhishek\AppData\Roaming\MiKTeX\2.9\tex\latex\lineno\lineno.sty
Package: lineno 2005/11/02 line numbers on paragraphs v4.41
\linenopenalty=\count145
\output=\toks28
\linenoprevgraf=\count146
\linenumbersep=\dimen121
\linenumberwidth=\dimen122
\c@linenumber=\count147
\c@pagewiselinenumber=\count148
\c@LN@truepage=\count149
\c@internallinenumber=\count150
\c@internallinenumbers=\count151
\quotelinenumbersep=\dimen123
\bframerule=\dimen124
\bframesep=\dimen125
\bframebox=\box28
LaTeX Info: Redefining \\ on input line 3056.
)
("C:\Program Files (x86)\MiKTeX 2.9\tex\latex\tools\longtable.sty"
Package: longtable 2014/10/28 v4.11 Multi-page Table package (DPC)
\LTleft=\skip62
\LTright=\skip63
\LTpre=\skip64
\LTpost=\skip65
\LTchunksize=\count152
\LTcapwidth=\dimen126
\LT@head=\box29
\LT@firsthead=\box30
\LT@foot=\box31
\LT@lastfoot=\box32
\LT@cols=\count153
\LT@rows=\count154
\c@LT@tables=\count155
\c@LT@chunks=\count156
\LT@p@ftn=\toks29
)
(C:\Users\Abhishek\AppData\Roaming\MiKTeX\2.9\tex\latex\placeins\placeins.sty
Package: placeins 2005/04/18  v 2.2
)
("C:\Program Files (x86)\MiKTeX 2.9\tex\latex\base\makeidx.sty"
Package: makeidx 2014/09/29 v1.0m Standard LaTeX package
)
(C:\Users\Abhishek\AppData\Roaming\MiKTeX\2.9\tex\latex\subfig\subfig.sty
Package: subfig 2005/06/28 ver: 1.3 subfig package

(C:\Users\Abhishek\AppData\Roaming\MiKTeX\2.9\tex\latex\caption\caption.sty
Package: caption 2016/02/21 v3.3-144 Customizing captions (AR)

(C:\Users\Abhishek\AppData\Roaming\MiKTeX\2.9\tex\latex\caption\caption3.sty
Package: caption3 2016/05/22 v1.7-166 caption3 kernel (AR)
Package caption3 Info: TeX engine: e-TeX on input line 67.
\captionmargin=\dimen127
\captionmargin@=\dimen128
\captionwidth=\dimen129
\caption@tempdima=\dimen130
\caption@indent=\dimen131
\caption@parindent=\dimen132
\caption@hangindent=\dimen133
)
\c@ContinuedFloat=\count157
Package caption Info: hyperref package is loaded.
Package caption Info: longtable package is loaded.

(C:\Users\Abhishek\AppData\Roaming\MiKTeX\2.9\tex\latex\caption\ltcaption.sty
Package: ltcaption 2013/06/09 v1.4-94 longtable captions (AR)
))
\c@KVtest=\count158
\sf@farskip=\skip66
\sf@captopadj=\dimen134
\sf@capskip=\skip67
\sf@nearskip=\skip68
\c@subfigure=\count159
\c@subfigure@save=\count160
\c@lofdepth=\count161
\c@subtable=\count162
\c@subtable@save=\count163
\c@lotdepth=\count164
\sf@top=\skip69
\sf@bottom=\skip70
) (C:\Users\Abhishek\AppData\Roaming\MiKTeX\2.9\tex\latex\booktabs\booktabs.sty
Package: booktabs 2005/04/14 v1.61803 publication quality tables
\heavyrulewidth=\dimen135
\lightrulewidth=\dimen136
\cmidrulewidth=\dimen137
\belowrulesep=\dimen138
\belowbottomsep=\dimen139
\aboverulesep=\dimen140
\abovetopsep=\dimen141
\cmidrulesep=\dimen142
\cmidrulekern=\dimen143
\defaultaddspace=\dimen144
\@cmidla=\count165
\@cmidlb=\count166
\@aboverulesep=\dimen145
\@belowrulesep=\dimen146
\@thisruleclass=\count167
\@lastruleclass=\count168
\@thisrulewidth=\dimen147
) ("C:\Program Files (x86)\MiKTeX 2.9\tex\latex\graphics\rotating.sty"
Package: rotating 2016/05/22 v2.16c rotated objects in LaTeX
\c@r@tfl@t=\count169
\rotFPtop=\skip71
\rotFPbot=\skip72
\rot@float@box=\box33
\rot@mess@toks=\toks30
)
(C:\Users\Abhishek\AppData\Roaming\MiKTeX\2.9\tex\latex\textpos\textpos.sty
Package: textpos 2016/06/07 v1.8

Package: textpos 2016/06/07 1.8, absolute positioning of text on the page
(C:\Users\Abhishek\AppData\Roaming\MiKTeX\2.9\tex\latex\ms\everyshi.sty
Package: everyshi 2001/05/15 v3.00 EveryShipout Package (MS)
)
\TP@textbox=\box34
\TP@holdbox=\box35
\TPHorizModule=\dimen148
\TPVertModule=\dimen149
\TP@margin=\dimen150
\TP@absmargin=\dimen151

Grid set 16 x 16 = 37.34424pt x 52.81541pt
\TPboxrulesize=\dimen152
\TP@ox=\dimen153
\TP@oy=\dimen154
\TP@tbargs=\toks31
\TP@prevdepth=\dimen155
TextBlockOrigin set to 0pt x 0pt
) (C:\Users\Abhishek\AppData\Roaming\MiKTeX\2.9\tex\latex\listings\listings.sty
\lst@mode=\count170
\lst@gtempboxa=\box36
\lst@token=\toks32
\lst@length=\count171
\lst@currlwidth=\dimen156
\lst@column=\count172
\lst@pos=\count173
\lst@lostspace=\dimen157
\lst@width=\dimen158
\lst@newlines=\count174
\lst@lineno=\count175
\lst@maxwidth=\dimen159
(C:\Users\Abhishek\AppData\Roaming\MiKTeX\2.9\tex\latex\listings\lstmisc.sty
File: lstmisc.sty 2015/06/04 1.6 (Carsten Heinz)
\c@lstnumber=\count176
\lst@skipnumbers=\count177
\lst@framebox=\box37
)
(C:\Users\Abhishek\AppData\Roaming\MiKTeX\2.9\tex\latex\listings\listings.cfg
File: listings.cfg 2015/06/04 1.6 listings configuration
))
Package: listings 2015/06/04 1.6 (Carsten Heinz)
(C:\Users\Abhishek\AppData\Roaming\MiKTeX\2.9\tex\latex\listings\lstlang1.sty
File: lstlang1.sty 2015/06/04 1.6 listings language file
)
(C:\Users\Abhishek\AppData\Roaming\MiKTeX\2.9\tex\latex\listings\lstmisc.sty
File: lstmisc.sty 2015/06/04 1.6 (Carsten Heinz)
))
("C:\Program Files (x86)\MiKTeX 2.9\tex\latex\amsfonts\amssymb.sty"
Package: amssymb 2013/01/14 v3.01 AMS font symbols

("C:\Program Files (x86)\MiKTeX 2.9\tex\latex\amsfonts\amsfonts.sty"
Package: amsfonts 2013/01/14 v3.01 Basic AMSFonts support
\symAMSa=\mathgroup4
\symAMSb=\mathgroup5
LaTeX Font Info:    Overwriting math alphabet `\mathfrak' in version `bold'
(Font)                  U/euf/m/n --> U/euf/b/n on input line 106.
))
(C:\Users\Abhishek\AppData\Roaming\MiKTeX\2.9\tex\latex\nomencl\nomencl.sty
Package: nomencl 2005/09/22 v4.2 Nomenclature package (LN)
\nomlabelwidth=\dimen160
\nom@tempdim=\dimen161
\nomitemsep=\skip73
)
(C:\Users\Abhishek\AppData\Roaming\MiKTeX\2.9\tex\latex\apacite\apacite.sty
Package: apacite 2013/07/21 v6.03 APA citation
\c@BibCnt=\count178
\bibleftmargin=\skip74
\bibindent=\skip75
\bibparsep=\skip76
\bibitemsep=\skip77
\biblabelsep=\skip78
)
(C:\Users\Abhishek\AppData\Roaming\MiKTeX\2.9\tex\latex\enumitem\enumitem.sty
Package: enumitem 2011/09/28 v3.5.2 Customized lists
\labelindent=\skip79
\enit@outerparindent=\dimen162
\enit@toks=\toks33
\enit@inbox=\box38
\enitdp@description=\count179
)
("C:\Program Files (x86)\MiKTeX 2.9\tex\latex\multirow\multirow.sty"
\bigstrutjot=\dimen163
)
\@nomenclaturefile=\write3
\openout3 = `thesis.nlo'.


Writing nomenclature file thesis.nlo
("C:\Program Files (x86)\MiKTeX 2.9\tex\latex\tools\tabularx.sty"
Package: tabularx 2016/02/03 v2.11 `tabularx' package (DPC)
\TX@col@width=\dimen164
\TX@old@table=\dimen165
\TX@old@col=\dimen166
\TX@target=\dimen167
\TX@delta=\dimen168
\TX@cols=\count180
\TX@ftn=\toks34
)
(C:\Users\Abhishek\AppData\Roaming\MiKTeX\2.9\tex\latex\adjustbox\adjustbox.sty
Package: adjustbox 2012/05/21 v1.0 Adjusting TeX boxes (trim, clip, ...)
(C:\Users\Abhishek\AppData\Roaming\MiKTeX\2.9\tex\latex\adjustbox\adjcalc.sty
Package: adjcalc 2012/05/16 v1.1 Provides advanced setlength with multiple back
-ends (calc, etex, pgfmath)
)
(C:\Users\Abhishek\AppData\Roaming\MiKTeX\2.9\tex\latex\adjustbox\trimclip.sty
Package: trimclip 2012/05/16 v1.0 Trim and clip general TeX material

(C:\Users\Abhishek\AppData\Roaming\MiKTeX\2.9\tex\latex\collectbox\collectbox.s
ty
Package: collectbox 2012/05/17 v0.4b Collect macro arguments as boxes
\collectedbox=\box39
)
\tc@llx=\dimen169
\tc@lly=\dimen170
\tc@urx=\dimen171
\tc@ury=\dimen172
Package trimclip Info: Using driver 'tc-pdftex.def'.

(C:\Users\Abhishek\AppData\Roaming\MiKTeX\2.9\tex\latex\adjustbox\tc-pdftex.def
File: tc-pdftex.def 2012/05/13 v1.0 Clipping driver for pdftex
))
\adjbox@Width=\dimen173
\adjbox@Height=\dimen174
\adjbox@Depth=\dimen175
\adjbox@Totalheight=\dimen176

(C:\Users\Abhishek\AppData\Roaming\MiKTeX\2.9\tex\latex\ifoddpage\ifoddpage.sty
Package: ifoddpage 2016/04/23 v1.1 Conditionals for odd/even page detection
\c@checkoddpage=\count181
) ("C:\Program Files (x86)\MiKTeX 2.9\tex\latex\ltxmisc\varwidth.sty"
Package: varwidth 2009/03/30 ver 0.92;  Variable-width minipages
\@vwid@box=\box40
\sift@deathcycles=\count182
\@vwid@loff=\dimen177
\@vwid@roff=\dimen178
))
(C:\Users\Abhishek\AppData\Roaming\MiKTeX\2.9\tex\latex\lipsum\lipsum.sty
Package: lipsum 2014/07/27 v1.3 150 paragraphs of Lorem Ipsum dummy text
\c@lips@count=\count183
)

Package hyperref Warning: Token not allowed in a PDF string (PDFDocEncoding):
(hyperref)                removing `\\' on input line 85.


Package hyperref Warning: Token not allowed in a PDF string (PDFDocEncoding):
(hyperref)                removing `\\' on input line 85.

(thesis.aux (titlepage.aux))
\openout1 = `thesis.aux'.

LaTeX Font Info:    Checking defaults for OML/cmm/m/it on input line 87.
LaTeX Font Info:    ... okay on input line 87.
LaTeX Font Info:    Checking defaults for T1/cmr/m/n on input line 87.
LaTeX Font Info:    ... okay on input line 87.
LaTeX Font Info:    Checking defaults for OT1/cmr/m/n on input line 87.
LaTeX Font Info:    ... okay on input line 87.
LaTeX Font Info:    Checking defaults for OMS/cmsy/m/n on input line 87.
LaTeX Font Info:    ... okay on input line 87.
LaTeX Font Info:    Checking defaults for OMX/cmex/m/n on input line 87.
LaTeX Font Info:    ... okay on input line 87.
LaTeX Font Info:    Checking defaults for U/cmr/m/n on input line 87.
LaTeX Font Info:    ... okay on input line 87.
LaTeX Font Info:    Checking defaults for LGR/cmr/m/n on input line 87.
LaTeX Font Info:    Try loading font information for LGR+cmr on input line 87.

(C:\Users\Abhishek\AppData\Roaming\MiKTeX\2.9\tex\latex\cbfonts-fd\lgrcmr.fd
File: lgrcmr.fd 2016/03/04 v1.1 Greek European Computer Regular
)
LaTeX Font Info:    ... okay on input line 87.
LaTeX Font Info:    Checking defaults for PD1/pdf/m/n on input line 87.
LaTeX Font Info:    ... okay on input line 87.

(C:\Users\Abhishek\AppData\Roaming\MiKTeX\2.9\tex\context\base\supp-pdf.mkii
[Loading MPS to PDF converter (version 2006.09.02).]
\scratchcounter=\count184
\scratchdimen=\dimen179
\scratchbox=\box41
\nofMPsegments=\count185
\nofMParguments=\count186
\everyMPshowfont=\toks35
\MPscratchCnt=\count187
\MPscratchDim=\dimen180
\MPnumerator=\count188
\makeMPintoPDFobject=\count189
\everyMPtoPDFconversion=\toks36
) ("C:\Program Files (x86)\MiKTeX 2.9\tex\latex\oberdiek\epstopdf-base.sty"
Package: epstopdf-base 2016/05/15 v2.6 Base part for package epstopdf

("C:\Program Files (x86)\MiKTeX 2.9\tex\latex\oberdiek\grfext.sty"
Package: grfext 2016/05/16 v1.2 Manage graphics extensions (HO)
)
Package epstopdf-base Info: Redefining graphics rule for `.eps' on input line 4
38.
Package grfext Info: Graphics extension search list:
(grfext)             [.png,.pdf,.jpg,.mps,.jpeg,.jbig2,.jb2,.PNG,.PDF,.JPG,.JPE
G,.JBIG2,.JB2,.eps]
(grfext)             \AppendGraphicsExtensions on input line 456.
)
\AtBeginShipoutBox=\box42
Package hyperref Info: Link coloring ON on input line 87.

("C:\Program Files (x86)\MiKTeX 2.9\tex\latex\hyperref\nameref.sty"
Package: nameref 2016/05/21 v2.44 Cross-referencing by name of section

("C:\Program Files (x86)\MiKTeX 2.9\tex\generic\oberdiek\gettitlestring.sty"
Package: gettitlestring 2016/05/16 v1.5 Cleanup title references (HO)
)
\c@section@level=\count190
)
LaTeX Info: Redefining \ref on input line 87.
LaTeX Info: Redefining \pageref on input line 87.
LaTeX Info: Redefining \nameref on input line 87.

(thesis.out) (thesis.out)
\@outlinefile=\write4
\openout4 = `thesis.out'.

Package caption Info: Begin \AtBeginDocument code.
Package caption Info: subfig package v1.3 is loaded.
Package caption Info: listings package is loaded.
Package caption Info: rotating package is loaded.
Package caption Info: End \AtBeginDocument code.
 ABD: EveryShipout initializing macros
\c@lstlisting=\count191
\c@maskedRefs=\count192

(C:\Users\Abhishek\AppData\Roaming\MiKTeX\2.9\tex\latex\apacite\english.apc
File: english.apc 2013/07/21 v6.03 apacite language file
LaTeX Info: Redefining \BPBI on input line 129.
LaTeX Info: Redefining \BHBI on input line 130.
)
\openout2 = `titlepage.aux'.


(titlepage.tex <figures/logotue.png, id=305, 2004.288pt x 427.3566pt>
File: figures/logotue.png Graphic file (type png)

<use figures/logotue.png>
Package pdftex.def Info: figures/logotue.png used on input line 5.
(pdftex.def)             Requested size: 170.71393pt x 42.67294pt.

<figures/logonxp.jpg, id=307, 1329.768pt x 492.6405pt>
File: figures/logonxp.jpg Graphic file (type jpg)

<use figures/logonxp.jpg>
Package pdftex.def Info: figures/logonxp.jpg used on input line 7.
(pdftex.def)             Requested size: 113.80997pt x 42.67445pt.
\backupparindent=\skip80
LaTeX Font Info:    Try loading font information for U+msa on input line 50.

("C:\Program Files (x86)\MiKTeX 2.9\tex\latex\amsfonts\umsa.fd"
File: umsa.fd 2013/01/14 v3.01 AMS symbols A
)
LaTeX Font Info:    Try loading font information for U+msb on input line 50.

("C:\Program Files (x86)\MiKTeX 2.9\tex\latex\amsfonts\umsb.fd"
File: umsb.fd 2013/01/14 v3.01 AMS symbols B
) [1{C:/Users/Abhishek/AppData/Local/MiKTeX/2.9/pdftex/config/pdftex.map}


 <./figures/logotue.png> <./figures/logonxp.jpg>]) [2


] (chapters/abstract.tex) [3

] [4

]
(chapters/acknowledgment.tex) [5

] [6

] (thesis.toc [7

])
\tf@toc=\write5
\openout5 = `thesis.toc'.

 [8] (thesis.lof)
\tf@lof=\write6
\openout6 = `thesis.lof'.


[9

] (thesis.lot)
\tf@lot=\write7
\openout7 = `thesis.lot'.

 (thesis.nls [10

] [11

]) [12] (thesis.lol)
\tf@lol=\write8
\openout8 = `thesis.lol'.

 [13

] [14

]
Chapter 1.
(chapters/introduction.tex
LaTeX Font Info:    Try loading font information for OMS+cmr on input line 17.

("C:\Program Files (x86)\MiKTeX 2.9\tex\latex\base\omscmr.fd"
File: omscmr.fd 2014/09/29 v2.5h Standard LaTeX font definitions
)
LaTeX Font Info:    Font shape `OMS/cmr/m/n' in size <10> not available
(Font)              Font shape `OMS/cmsy/m/n' tried instead on input line 17.
 [1

]
LaTeX Font Info:    Try loading font information for OML+cmr on input line 38.

("C:\Program Files (x86)\MiKTeX 2.9\tex\latex\base\omlcmr.fd"
File: omlcmr.fd 2014/09/29 v2.5h Standard LaTeX font definitions
)
LaTeX Font Info:    Font shape `OML/cmr/m/n' in size <10> not available
(Font)              Font shape `OML/cmm/m/it' tried instead on input line 38.

Underfull \hbox (badness 10000) in paragraph at lines 41--42

 []

[2] [3]) [4]
Chapter 2.
(chapters/background.tex
<figures/vehiclePlatoonusingACC.png, id=605, 479.99326pt x 80.09924pt>
File: figures/vehiclePlatoonusingACC.png Graphic file (type png)

<use figures/vehiclePlatoonusingACC.png>
Package pdftex.def Info: figures/vehiclePlatoonusingACC.png used on input line 
35.
(pdftex.def)             Requested size: 424.58624pt x 70.85542pt.
 [5


]
<figures/typicalviewoffrontradarusingACC.png, id=617, 431.211pt x 144.54pt>
File: figures/typicalviewoffrontradarusingACC.png Graphic file (type png)

<use figures/typicalviewoffrontradarusingACC.png>
Package pdftex.def Info: figures/typicalviewoffrontradarusingACC.png used on in
put line 42.
(pdftex.def)             Requested size: 424.58624pt x 142.3253pt.

<figures/vehicleplatooningusingCACC.png, id=618, 442.65375pt x 69.25874pt>
File: figures/vehicleplatooningusingCACC.png Graphic file (type png)

<use figures/vehicleplatooningusingCACC.png>
Package pdftex.def Info: figures/vehicleplatooningusingCACC.png used on input l
ine 49.
(pdftex.def)             Requested size: 424.58624pt x 66.43584pt.
 [6 <./figures/vehiclePlatoonusingACC.png> <./figures/typicalviewoffrontradarus
ingACC.png> <./figures/vehicleplatooningusingCACC.png>]
Underfull \hbox (badness 10000) in paragraph at lines 73--74

 []

[7]
<figures/DSRC spectrum band and channels.png, id=665, 457.10776pt x 105.996pt>
File: figures/DSRC spectrum band and channels.png Graphic file (type png)

<use figures/DSRC spectrum band and channels.png>
Package pdftex.def Info: figures/DSRC spectrum band and channels.png used on in
put line 103.
(pdftex.def)             Requested size: 424.58624pt x 98.45717pt.


LaTeX Warning: `!h' float specifier changed to `!ht'.

[8] <figures/UWBcomparedtoNB.png, id=679, 455.301pt x 337.86224pt>
File: figures/UWBcomparedtoNB.png Graphic file (type png)

<use figures/UWBcomparedtoNB.png>
Package pdftex.def Info: figures/UWBcomparedtoNB.png used on input line 116.
(pdftex.def)             Requested size: 297.20906pt x 220.55643pt.
Missing character: There is no â in font cmr10!
Missing character: There is no € in font cmr10!
Missing character: There is no ™ in font cmr10!
 [9 <./figures/DSRC spectrum band and channels.png> <./figures/UWBcomparedtoNB.
png>]
<figures/uwbchannels.png, id=699, 279.444pt x 272.81924pt>
File: figures/uwbchannels.png Graphic file (type png)

<use figures/uwbchannels.png>
Package pdftex.def Info: figures/uwbchannels.png used on input line 129.
(pdftex.def)             Requested size: 339.67029pt x 331.62343pt.

<figures/UWBPHYFrameStructure.png, id=705, 434.22224pt x 118.64325pt>
File: figures/UWBPHYFrameStructure.png Graphic file (type png)

<use figures/UWBPHYFrameStructure.png>
Package pdftex.def Info: figures/UWBPHYFrameStructure.png used on input line 13
9.
(pdftex.def)             Requested size: 339.67029pt x 92.80746pt.

<figures/ModulationandTimehoppingof802.15.4a.png, id=710, 515.526pt x 166.221pt
>
File: figures/ModulationandTimehoppingof802.15.4a.png Graphic file (type png)
 <use figures/ModulationandTimehoppingof802.15.4a.png>
Package pdftex.def Info: figures/ModulationandTimehoppingof802.15.4a.png used o
n input line 147.
(pdftex.def)             Requested size: 339.67029pt x 109.52356pt.


LaTeX Warning: `!h' float specifier changed to `!ht'.

[10 <./figures/uwbchannels.png> <./figures/UWBPHYFrameStructure.png>] [11 <./fi
gures/ModulationandTimehoppingof802.15.4a.png>]
<figures/SSTWR.png, id=740, 339.669pt x 146.34676pt>
File: figures/SSTWR.png Graphic file (type png)
 <use figures/SSTWR.png>
Package pdftex.def Info: figures/SSTWR.png used on input line 187.
(pdftex.def)             Requested size: 339.67029pt x 146.35085pt.

[12 <./figures/SSTWR.png>] <figures/DSTWR.png, id=756, 463.7325pt x 171.039pt>
File: figures/DSTWR.png Graphic file (type png)

<use figures/DSTWR.png>
Package pdftex.def Info: figures/DSTWR.png used on input line 211.
(pdftex.def)             Requested size: 339.67029pt x 125.28282pt.
 [13 <./figures/DSTWR.png>]
Missing character: There is no â in font cmr10!
Missing character: There is no € in font cmr10!
Missing character: There is no ™ in font cmr10!
 [14]) [15] [16

]
Chapter 3.
(chapters/relatedWork.tex [17

] [18]
Underfull \vbox (badness 1194) has occurred while \output is active []

 [19])
[20]
Chapter 4.
(chapters/testPlatformRequirements.tex [21


]
<figures/messageLatencyLeadingtoFollowing.png, id=892, 852.3042pt x 144.54pt>
File: figures/messageLatencyLeadingtoFollowing.png Graphic file (type png)

<use figures/messageLatencyLeadingtoFollowing.png>
Package pdftex.def Info: figures/messageLatencyLeadingtoFollowing.png used on i
nput line 81.
(pdftex.def)             Requested size: 424.58624pt x 72.00514pt.

<figures/messageLatencyFollowingtoLeading.png, id=893, 851.3406pt x 144.54pt>
File: figures/messageLatencyFollowingtoLeading.png Graphic file (type png)

<use figures/messageLatencyFollowingtoLeading.png>
Package pdftex.def Info: figures/messageLatencyFollowingtoLeading.png used on i
nput line 87.
(pdftex.def)             Requested size: 424.58624pt x 72.08675pt.


LaTeX Warning: `!h' float specifier changed to `!ht'.


LaTeX Warning: `!h' float specifier changed to `!ht'.

[22]
Overfull \hbox (5.19885pt too wide) detected at line 115
[]\OML/cmm/m/it/10 Message[]Latency[] \OT1/cmr/m/n/10 = \OML/cmm/m/it/10 P[] \O
T1/cmr/m/n/10 + \OML/cmm/m/it/10 Q[] \OT1/cmr/m/n/10 + \OML/cmm/m/it/10 No[]of[
]packets[]per[]message \OMS/cmsy/m/n/10  \OT1/cmr/m/n/10 (\OML/cmm/m/it/10 B[]
 \OT1/cmr/m/n/10 + \OML/cmm/m/it/10 P[] \OT1/cmr/m/n/10 + \OML/cmm/m/it/10 B[]\
OT1/cmr/m/n/10 ) + \OML/cmm/m/it/10 P[]
 []

[23 <./figures/messageLatencyLeadingtoFollowing.png> <./figures/messageLatencyF
ollowingtoLeading.png>]
Overfull \hbox (6.52246pt too wide) detected at line 119
[]\OML/cmm/m/it/10 Message[]Latency[] \OT1/cmr/m/n/10 = \OML/cmm/m/it/10 P[] \O
T1/cmr/m/n/10 + \OML/cmm/m/it/10 Q[] \OT1/cmr/m/n/10 + \OML/cmm/m/it/10 No[]of[
]packets[]per[]message \OMS/cmsy/m/n/10  \OT1/cmr/m/n/10 (\OML/cmm/m/it/10 B[]
 \OT1/cmr/m/n/10 + \OML/cmm/m/it/10 P[] \OT1/cmr/m/n/10 + \OML/cmm/m/it/10 B[]\
OT1/cmr/m/n/10 ) + \OML/cmm/m/it/10 P[]
 []

[24] <figures/networkTopologyDeployment.JPG, id=927, 497.4585pt x 302.93175pt>
File: figures/networkTopologyDeployment.JPG Graphic file (type jpg)

<use figures/networkTopologyDeployment.JPG>
Package pdftex.def Info: figures/networkTopologyDeployment.JPG used on input li
ne 172.
(pdftex.def)             Requested size: 424.58624pt x 258.56558pt.


LaTeX Warning: `!h' float specifier changed to `!ht'.

[25] <figures/Picture6.png, id=935, 445.665pt x 411.33675pt>
File: figures/Picture6.png Graphic file (type png)

<use figures/Picture6.png>
Package pdftex.def Info: figures/Picture6.png used on input line 185.
(pdftex.def)             Requested size: 339.67029pt x 313.51044pt.
 [26 <./figures/networkTopologyDeployment.JPG>]
[27 <./figures/Picture6.png>]
Overfull \hbox (44.65608pt too wide) in paragraph at lines 195--196
\OT1/cmr/m/n/10 meas-ure-ment goals MG[]Interference, MG[]Distance[]Between[]Tr
ansceivers, and MG[]Worst[]Case[]Interference. 
 []


LaTeX Warning: No positions in optional float specifier.
               Default added (so using `tbp') on input line 202.


LaTeX Warning: No positions in optional float specifier.
               Default added (so using `tbp') on input line 230.


LaTeX Warning: No positions in optional float specifier.
               Default added (so using `tbp') on input line 250.

[28] [29] [30]) [31] [32

]
Chapter 5.
(chapters/testPlatformImplementation.tex
<figures/PhasesofTestPlatform.png, id=981, 927.465pt x 618.1494pt>
File: figures/PhasesofTestPlatform.png Graphic file (type png)

<use figures/PhasesofTestPlatform.png>
Package pdftex.def Info: figures/PhasesofTestPlatform.png used on input line 13
.
(pdftex.def)             Requested size: 424.58624pt x 282.9845pt.
 [33

 <./figures/PhasesofTestPlatform.png>]
! Misplaced \noalign.
\hline ->\noalign 
                  {\ifnum 0=`}\fi \penalty \@M \futurelet \@let@token \LT@@h...
l.48 ...                    \\ \vspace{-3mm}\hline
                                                  
I expect to see \noalign only after the \cr of
an alignment. Proceed, and I'll ignore this case.

! Misplaced \omit.
\multispan ->\omit 
                   \@multispan 
l.49            S
                 ingle Sided Two way Ranging  & \vspace{-7mm} \begin{itemize...
I expect to see \omit only after tab marks or the \cr of
an alignment. Proceed, and I'll ignore this case.


Underfull \hbox (badness 10000) in paragraph at lines 49--49
[]|\OT1/cmr/m/n/10 Single Sided
 []


Underfull \hbox (badness 1668) in paragraph at lines 49--49
\OT1/cmr/m/n/10 Two way Ran-
 []


Underfull \hbox (badness 10000) in paragraph at lines 53--53
[]|\OT1/cmr/m/n/10 Double Sided
 []


Underfull \hbox (badness 1668) in paragraph at lines 53--53
\OT1/cmr/m/n/10 Two way Ran-
 []


Underfull \hbox (badness 1231) in paragraph at lines 53--53
\OT1/cmr/m/n/10 to de-term-ine the range =
 []


Underfull \hbox (badness 3514) in paragraph at lines 53--53
[]\OT1/cmr/m/n/10 Requires mul-ti-plic-a-tion and
 []


Underfull \hbox (badness 1122) in paragraph at lines 53--53
[]\OT1/cmr/m/n/10 Requires 4 mes-sages to de-
 []


Underfull \hbox (badness 10000) in paragraph at lines 54--54
[]|\OT1/cmr/m/n/10 Symmetric
 []


Underfull \hbox (badness 10000) in paragraph at lines 54--54
\OT1/cmr/m/n/10 Double-Sided
 []


Underfull \hbox (badness 1668) in paragraph at lines 54--54
\OT1/cmr/m/n/10 Two way Ran-
 []


Underfull \hbox (badness 1406) in paragraph at lines 54--54
[]\OT1/cmr/m/n/10 Does not seem suit-able for
 []


Underfull \hbox (badness 1142) in paragraph at lines 54--54
\OT1/cmr/m/n/10 of trucks in the pla-toon is
 []


Underfull \hbox (badness 1107) in paragraph at lines 54--54
\OT1/cmr/m/n/10 in-creased as the num-ber of
 []


Underfull \hbox (badness 3965) in paragraph at lines 54--54
\OT1/cmr/m/n/10 than ne-ces-sary be-cause all
 []


Underfull \vbox (badness 10000) detected at line 57
 []

! Misplaced \noalign.
\hline ->\noalign 
                  {\ifnum 0=`}\fi \penalty \@M \futurelet \@let@token \LT@@h...
l.68 ...                    \\ \vspace{-3mm}\hline
                                                  
I expect to see \noalign only after the \cr of
an alignment. Proceed, and I'll ignore this case.

! Misplaced \omit.
\multispan ->\omit 
                   \@multispan 
l.69            C
                 ompliance to Standards     &  \vspace{-7mm} \begin{itemize}...
I expect to see \omit only after tab marks or the \cr of
an alignment. Proceed, and I'll ignore this case.


Underfull \hbox (badness 10000) in paragraph at lines 69--69
[]|\OT1/cmr/m/n/10 Compliance to
 []


Underfull \hbox (badness 10000) in paragraph at lines 70--70
[]\OT1/cmr/m/n/10 Additional latency dur-ing
 []


Underfull \hbox (badness 10000) in paragraph at lines 71--71
[]\OT1/cmr/m/n/10 Incompatibility with other
 []


Underfull \hbox (badness 2057) in paragraph at lines 71--71
[]\OT1/cmr/m/n/10 Restricted to one man-u-fac-
 []


Underfull \vbox (badness 10000) detected at line 72
 []

! Misplaced \noalign.
\hline ->\noalign 
                  {\ifnum 0=`}\fi \penalty \@M \futurelet \@let@token \LT@@h...
l.84 ...                    \\ \vspace{-3mm}\hline
                                                  
I expect to see \noalign only after the \cr of
an alignment. Proceed, and I'll ignore this case.

! Misplaced \omit.
\multispan ->\omit 
                   \@multispan 
l.85            1
                 10 Kbps                     & \vspace{-7mm} \begin{itemize}...
I expect to see \omit only after tab marks or the \cr of
an alignment. Proceed, and I'll ignore this case.


Underfull \hbox (badness 2698) in paragraph at lines 85--85
[]\OT1/cmr/m/n/10 Very high latency (13.5424
 []


Underfull \hbox (badness 10000) in paragraph at lines 86--86
[]\OT1/cmr/m/n/10 Ranging ac-cur-acy bet-ter
 []


Underfull \hbox (badness 1681) in paragraph at lines 86--86
[]\OT1/cmr/m/n/10 Ranging ac-cur-acy less than
 []


Underfull \vbox (badness 10000) detected at line 88
 []

[34] [35] [36]
<figures/IntegrationOfUWBtoExistingSystem.png, id=1016, 767.86874pt x 404.712pt
>
File: figures/IntegrationOfUWBtoExistingSystem.png Graphic file (type png)
 <use figures/IntegrationOfUWBtoExistingSystem.png>
Package pdftex.def Info: figures/IntegrationOfUWBtoExistingSystem.png used on i
nput line 115.
(pdftex.def)             Requested size: 424.58624pt x 223.78413pt.

<figures/SoftwareOverview.jpg, id=1017, 386.4036pt x 621.522pt>
File: figures/SoftwareOverview.jpg Graphic file (type jpg)

<use figures/SoftwareOverview.jpg>
Package pdftex.def Info: figures/SoftwareOverview.jpg used on input line 121.
(pdftex.def)             Requested size: 216.81pt x 348.74226pt.
 [37]

LaTeX Warning: `!h' float specifier changed to `!ht'.

[38 <./figures/IntegrationOfUWBtoExistingSystem.png>] [39 <./figures/SoftwareOv
erview.jpg>]
(C:\Users\Abhishek\AppData\Roaming\MiKTeX\2.9\tex\latex\listings\lstlang1.sty
File: lstlang1.sty 2015/06/04 1.6 listings language file
)
(C:\Users\Abhishek\AppData\Roaming\MiKTeX\2.9\tex\latex\listings\lstmisc.sty
File: lstmisc.sty 2015/06/04 1.6 (Carsten Heinz)
)
Package hyperref Info: bookmark level for unknown lstlisting defaults to 0 on i
nput line 144.
LaTeX Font Info:    Font shape `OMS/cmr/m/n' in size <8> not available
(Font)              Font shape `OMS/cmsy/m/n' tried instead on input line 145.

<figures/StateCommunicationPhase.png, id=1043, 1326.3954pt x 637.4214pt>
File: figures/StateCommunicationPhase.png Graphic file (type png)

<use figures/StateCommunicationPhase.png>
Package pdftex.def Info: figures/StateCommunicationPhase.png used on input line
 153.
(pdftex.def)             Requested size: 424.58624pt x 204.03737pt.


LaTeX Warning: `!h' float specifier changed to `!ht'.

<figures/transmitMessage.png, id=1044, 979.4994pt x 726.5544pt>
File: figures/transmitMessage.png Graphic file (type png)

<use figures/transmitMessage.png>
Package pdftex.def Info: figures/transmitMessage.png used on input line 159.
(pdftex.def)             Requested size: 424.58624pt x 314.93999pt.


LaTeX Warning: `!h' float specifier changed to `!ht'.

<figures/receiveMessage.png, id=1045, 889.8846pt x 850.8588pt>
File: figures/receiveMessage.png Graphic file (type png)

<use figures/receiveMessage.png>
Package pdftex.def Info: figures/receiveMessage.png used on input line 165.
(pdftex.def)             Requested size: 424.58624pt x 405.96677pt.


LaTeX Warning: `!h' float specifier changed to `!ht'.


Underfull \vbox (badness 1354) has occurred while \output is active []

 [40]
[41 <./figures/StateCommunicationPhase.png

pdfTeX warning: pdflatex.exe (file ./figures/StateCommunicationPhase.png): larg
e interlaced PNG might cause out of memory (use non-interlaced PNG to fix this)

> <./figures/transmitMessage.png

pdfTeX warning: pdflatex.exe (file ./figures/transmitMessage.png): large interl
aced PNG might cause out of memory (use non-interlaced PNG to fix this)
>] [42 <./figures/receiveMessage.png

pdfTeX warning: pdflatex.exe (file ./figures/receiveMessage.png): large interla
ced PNG might cause out of memory (use non-interlaced PNG to fix this)
>]
<figures/LatencyCalculationLeadingTruck.png, id=1080, 1054.6602pt x 858.5676pt>
File: figures/LatencyCalculationLeadingTruck.png Graphic file (type png)
<use figures/LatencyCalculationLeadingTruck.png>
Package pdftex.def Info: figures/LatencyCalculationLeadingTruck.png used on inp
ut line 187.
(pdftex.def)             Requested size: 424.58624pt x 345.63496pt.


LaTeX Warning: `!h' float specifier changed to `!ht'.


<figures/LatencyCalculationFollowingTruck.png, id=1081, 1072.005pt x 869.1672pt
>
File: figures/LatencyCalculationFollowingTruck.png Graphic file (type png)
 <use figures/LatencyCalculationFollowingTruck.png>
Package pdftex.def Info: figures/LatencyCalculationFollowingTruck.png used on i
nput line 194.
(pdftex.def)             Requested size: 424.58624pt x 344.23901pt.


LaTeX Warning: `!h' float specifier changed to `!ht'.

<figures/StateResultDetermination.png, id=1082, 1079.7138pt x 583.9416pt>
File: figures/StateResultDetermination.png Graphic file (type png)

<use figures/StateResultDetermination.png>
Package pdftex.def Info: figures/StateResultDetermination.png used on input lin
e 201.
(pdftex.def)             Requested size: 424.58624pt x 229.62527pt.


LaTeX Warning: `!h' float specifier changed to `!ht'.

[43]
Underfull \vbox (badness 10000) has occurred while \output is active []

 [44 <./figures/LatencyCalculationLeadingTruck.png

pdfTeX warning: pdflatex.exe (file ./figures/LatencyCalculationLeadingTruck.png
): large interlaced PNG might cause out of memory (use non-interlaced PNG to fi
x this)
>] [45 <./figures/LatencyCalculationFollowingTruck.png

pdfTeX warning: pdflatex.exe (file ./figures/LatencyCalculationFollowingTruck.p
ng): large interlaced PNG might cause out of memory (use non-interlaced PNG to 
fix this)
>] <figures/RangingMethod.png, id=1118, 916.3836pt x 481.8pt>
File: figures/RangingMethod.png Graphic file (type png)

<use figures/RangingMethod.png>
Package pdftex.def Info: figures/RangingMethod.png used on input line 257.
(pdftex.def)             Requested size: 424.58624pt x 223.226pt.


LaTeX Warning: `!h' float specifier changed to `!ht'.


Overfull \hbox (3.74771pt too wide) in paragraph at lines 268--269
[]\OT1/cmr/m/n/10 In the case of the lead-ing truck, it sends the Ran-ging POLL
 in-form-a-tion when \OT1/cmr/m/it/10 ran-ge-Type\OT1/cmr/m/n/10 %2==0.
 []

[46 <./figures/StateResultDetermination.png

pdfTeX warning: pdflatex.exe (file ./figures/StateResultDetermination.png): lar
ge interlaced PNG might cause out of memory (use non-interlaced PNG to fix this
)
>] <figures/RangingCalculation.png, id=1129, 1222.3266pt x 581.0508pt>
File: figures/RangingCalculation.png Graphic file (type png)

<use figures/RangingCalculation.png>
Package pdftex.def Info: figures/RangingCalculation.png used on input line 271.

(pdftex.def)             Requested size: 424.58624pt x 201.82813pt.

Underfull \vbox (badness 3428) has occurred while \output is active []

 [47 <./figures/RangingMethod.png> <./figures/RangingCalculation.png

pdfTeX warning: pdflatex.exe (file ./figures/RangingCalculation.png): large int
erlaced PNG might cause out of memory (use non-interlaced PNG to fix this)
>] [48]
<figures/IndicationofLoggingParameters.png, id=1162, 1054.6602pt x 844.1136pt>
File: figures/IndicationofLoggingParameters.png Graphic file (type png)

<use figures/IndicationofLoggingParameters.png>
Package pdftex.def Info: figures/IndicationofLoggingParameters.png used on inpu
t line 310.
(pdftex.def)             Requested size: 424.58624pt x 339.8162pt.
 [49 <./figures/IndicationofLoggingParameters.png

pdfTeX warning: pdflatex.exe (file ./figures/IndicationofLoggingParameters.png)
: large interlaced PNG might cause out of memory (use non-interlaced PNG to fix
 this)
>]) [50]
Chapter 6.
(chapters/dutycyclerequirements.tex
<figures/Picture2.png, id=1177, 452.28975pt x 202.356pt>
File: figures/Picture2.png Graphic file (type png)

<use figures/Picture2.png>
Package pdftex.def Info: figures/Picture2.png used on input line 11.
(pdftex.def)             Requested size: 424.58624pt x 189.96147pt.

<figures/Picture1.png, id=1182, 493.10754pt x 317.5947pt>
File: figures/Picture1.png Graphic file (type png)

<use figures/Picture1.png>
Package pdftex.def Info: figures/Picture1.png used on input line 19.
(pdftex.def)             Requested size: 345.17293pt x 222.31476pt.
 [51


 <./figures/Picture2.png>]
<figures/Picture3.png, id=1191, 537.207pt x 149.358pt>
File: figures/Picture3.png Graphic file (type png)

<use figures/Picture3.png>
Package pdftex.def Info: figures/Picture3.png used on input line 31.
(pdftex.def)             Requested size: 424.58624pt x 118.0485pt.

Underfull \vbox (badness 5316) has occurred while \output is active []

 [52 <./figures/Picture1.png> <./figures/Picture3.png>]
<figures/Picture4.png, id=1207, 695.59875pt x 163.20975pt>
File: figures/Picture4.png Graphic file (type png)

<use figures/Picture4.png>
Package pdftex.def Info: figures/Picture4.png used on input line 49.
(pdftex.def)             Requested size: 424.58624pt x 99.62004pt.

<figures/Picture5.png, id=1212, 673.16008pt x 136.38048pt>
File: figures/Picture5.png Graphic file (type png)

<use figures/Picture5.png>
Package pdftex.def Info: figures/Picture5.png used on input line 57.
(pdftex.def)             Requested size: 424.58624pt x 86.02002pt.

<figures/Picture7.png, id=1217, 602.85225pt x 207.174pt>
File: figures/Picture7.png Graphic file (type png)

<use figures/Picture7.png>
Package pdftex.def Info: figures/Picture7.png used on input line 65.
(pdftex.def)             Requested size: 424.58624pt x 145.91226pt.
 [53 <./figures/Picture4.png> <./figures/Picture5.png> <./figures/Picture7.png>
]
Underfull \hbox (badness 10000) in paragraph at lines 75--84

 []


Underfull \hbox (badness 10000) in paragraph at lines 109--118

 []

[54]
Underfull \hbox (badness 10000) in paragraph at lines 119--128

 []


LaTeX Warning: No positions in optional float specifier.
               Default added (so using `tbp') on input line 133.

) [55] [56

]
Chapter 7.
(chapters/experimentsAndResults.tex) [57

] [58

]
Chapter 8.
(chapters/conclusionAndFutureWork.tex) [59

] [60

] (thesis.bbl (thesis.brf)
\tf@brf=\write9
\openout9 = `thesis.brf'.


[61


]
Missing character: There is no â in font cmti10!
Missing character: There is no € in font cmti10!
Missing character: There is no “ in font cmti10!
Missing character: There is no â in font cmr10!
Missing character: There is no € in font cmr10!
Missing character: There is no ™ in font cmr10!
 [62]) [63] [64

] (appendices/main.tex
Appendix A.

Underfull \vbox (badness 5756) has occurred while \output is active []

 [65

]
[66]
Appendix B.

Overfull \hbox (42.68219pt too wide) in paragraph at lines 48--48
\OT1/cmr/bx/n/24.88 MP[]Speed[]Or[]Acceleration[]Difference  
 []

[67

]
Appendix C.
[68

] [69]
Appendix D.

LaTeX Warning: `!h' float specifier changed to `!ht'.

)
Package atveryend Info: Empty hook `BeforeClearDocument' on input line 225.
 [70

] [71]
Package atveryend Info: Empty hook `AfterLastShipout' on input line 225.
 (thesis.aux (titlepage.aux))
Package atveryend Info: Executing hook `AtVeryEndDocument' on input line 225.
Package atveryend Info: Executing hook `AtEndAfterFileList' on input line 225.
Package rerunfilecheck Info: File `thesis.out' has not changed.
(rerunfilecheck)             Checksum: E3F1217D6031B1ACE9E31C0F9F57A15C;5290.
Package rerunfilecheck Info: File `thesis.brf' has not changed.
(rerunfilecheck)             Checksum: 24E05F34D319AD952E4E8BF9207AFEEF;11422.
 ) 
Here is how much of TeX's memory you used:
 15252 strings out of 493335
 238332 string characters out of 3136672
 597333 words of memory out of 3000000
 17963 multiletter control sequences out of 15000+200000
 10864 words of font info for 41 fonts, out of 3000000 for 9000
 1141 hyphenation exceptions out of 8191
 68i,12n,98p,1883b,1842s stack positions out of 5000i,500n,10000p,200000b,50000s
<C:/Program Files (x86)/MiKTeX 2.9/fonts/type1/public/amsfonts/cm/cmbx10.pfb>
<C:/Program Files (x86)/MiKTeX 2.9/fonts/type1/public/amsfonts/cm/cmbx12.pfb><C
:/Program Files (x86)/MiKTeX 2.9/fonts/type1/public/amsfonts/cm/cmmi10.pfb><C:/
Program Files (x86)/MiKTeX 2.9/fonts/type1/public/amsfonts/cm/cmmi7.pfb><C:/Pro
gram Files (x86)/MiKTeX 2.9/fonts/type1/public/amsfonts/cm/cmr10.pfb><C:/Progra
m Files (x86)/MiKTeX 2.9/fonts/type1/public/amsfonts/cm/cmr12.pfb><C:/Program F
iles (x86)/MiKTeX 2.9/fonts/type1/public/amsfonts/cm/cmr5.pfb><C:/Program Files
 (x86)/MiKTeX 2.9/fonts/type1/public/amsfonts/cm/cmr7.pfb><C:/Program Files (x8
6)/MiKTeX 2.9/fonts/type1/public/amsfonts/cm/cmr8.pfb><C:/Program Files (x86)/M
iKTeX 2.9/fonts/type1/public/amsfonts/cm/cmsl10.pfb><C:/Program Files (x86)/MiK
TeX 2.9/fonts/type1/public/amsfonts/cm/cmsy10.pfb><C:/Program Files (x86)/MiKTe
X 2.9/fonts/type1/public/amsfonts/cm/cmsy8.pfb><C:/Program Files (x86)/MiKTeX 2
.9/fonts/type1/public/amsfonts/cm/cmti10.pfb><C:/Program Files (x86)/MiKTeX 2.9
/fonts/type1/public/amsfonts/cm/cmti12.pfb><C:/Program Files (x86)/MiKTeX 2.9/f
onts/type1/public/amsfonts/cm/cmtt10.pfb>
Output written on thesis.pdf (85 pages, 3205763 bytes).
PDF statistics:
 1604 PDF objects out of 1728 (max. 8388607)
 437 named destinations out of 1000 (max. 500000)
 779 words of extra memory for PDF output out of 10000 (max. 10000000)

