\BOOKMARK [0][-]{chapter*.2}{Contents}{}% 1
\BOOKMARK [0][-]{chapter*.3}{List of Figures}{}% 2
\BOOKMARK [0][-]{chapter*.4}{List of Tables}{}% 3
\BOOKMARK [0][-]{chapter.1}{Introduction}{}% 4
\BOOKMARK [1][-]{section.1.1}{Solar Radiation}{chapter.1}% 5
\BOOKMARK [1][-]{section.1.2}{Concentrated Solar Power \(CSP\)}{chapter.1}% 6
\BOOKMARK [1][-]{section.1.3}{Central Receiver Systems \(CRS\)}{chapter.1}% 7
\BOOKMARK [1][-]{section.1.4}{Research Statement}{chapter.1}% 8
\BOOKMARK [1][-]{section.1.5}{Thesis Overview}{chapter.1}% 9
\BOOKMARK [0][-]{chapter.2}{Literature Review}{}% 10
\BOOKMARK [1][-]{section.2.1}{Tubular Receivers}{chapter.2}% 11
\BOOKMARK [2][-]{subsection.2.1.1}{Water/Steam}{section.2.1}% 12
\BOOKMARK [2][-]{subsection.2.1.2}{Molten Salt}{section.2.1}% 13
\BOOKMARK [2][-]{subsection.2.1.3}{Liquid Sodium}{section.2.1}% 14
\BOOKMARK [2][-]{subsection.2.1.4}{Sodium/Salt Binary}{section.2.1}% 15
\BOOKMARK [1][-]{section.2.2}{Receiver Design Methodology}{chapter.2}% 16
\BOOKMARK [2][-]{subsection.2.2.1}{Falcone [1986] Falcone.1986}{section.2.2}% 17
\BOOKMARK [2][-]{subsection.2.2.2}{Zavoico [2001] Zavoico.2001}{section.2.2}% 18
\BOOKMARK [2][-]{subsection.2.2.3}{Lata [2008] Lata.2008}{section.2.2}% 19
\BOOKMARK [2][-]{subsection.2.2.4}{System Advisory Model \(SAM\) Wagner.2008}{section.2.2}% 20
\BOOKMARK [1][-]{section.2.3}{Design Criteria}{chapter.2}% 21
\BOOKMARK [2][-]{subsection.2.3.1}{Allowable Peak Flux Limit }{section.2.3}% 22
\BOOKMARK [2][-]{subsection.2.3.2}{Receiver Sizing}{section.2.3}% 23
\BOOKMARK [2][-]{subsection.2.3.3}{Receiver Aspect Ratio}{section.2.3}% 24
\BOOKMARK [2][-]{subsection.2.3.4}{Tube Diameter Selection}{section.2.3}% 25
\BOOKMARK [2][-]{subsection.2.3.5}{Fluid Flow Path Selection}{section.2.3}% 26
\BOOKMARK [2][-]{subsection.2.3.6}{Tower Sizing}{section.2.3}% 27
\BOOKMARK [1][-]{section.2.4}{Cavity Specific Design Criteria}{chapter.2}% 28
\BOOKMARK [2][-]{subsection.2.4.1}{Cavity Receiver Geometry}{section.2.4}% 29
\BOOKMARK [2][-]{subsection.2.4.2}{Cavity Opening Angle}{section.2.4}% 30
\BOOKMARK [2][-]{subsection.2.4.3}{Lip Height \(Aperture to Total Height Ratio\) }{section.2.4}% 31
\BOOKMARK [2][-]{subsection.2.4.4}{Cavity Inclination}{section.2.4}% 32
\BOOKMARK [1][-]{section.2.5}{Heat Transfer Model}{chapter.2}% 33
\BOOKMARK [2][-]{subsection.2.5.1}{External Receiver}{section.2.5}% 34
\BOOKMARK [2][-]{subsection.2.5.2}{Cavity Receiver}{section.2.5}% 35
\BOOKMARK [0][-]{chapter.3}{Design Methodology}{}% 36
\BOOKMARK [1][-]{section.3.1}{Design Approach}{chapter.3}% 37
\BOOKMARK [1][-]{section.3.2}{General Receiver Design Model}{chapter.3}% 38
\BOOKMARK [2][-]{subsection.3.2.1}{Receiver Thermal Power}{section.3.2}% 39
\BOOKMARK [2][-]{subsection.3.2.2}{Calculation of HTF Properties}{section.3.2}% 40
\BOOKMARK [2][-]{subsection.3.2.3}{Receiver Sizing}{section.3.2}% 41
\BOOKMARK [2][-]{subsection.3.2.4}{Receiver Surface Temperature Calculation}{section.3.2}% 42
\BOOKMARK [2][-]{subsection.3.2.5}{Mass Flow Rate Calculation}{section.3.2}% 43
\BOOKMARK [2][-]{subsection.3.2.6}{Pressure Loss and Pump Power Calculation}{section.3.2}% 44
\BOOKMARK [1][-]{section.3.3}{External Receiver Design Model}{chapter.3}% 45
\BOOKMARK [2][-]{subsection.3.3.1}{Geometry Design}{section.3.3}% 46
\BOOKMARK [2][-]{subsection.3.3.2}{Tube and Panel Design}{section.3.3}% 47
\BOOKMARK [2][-]{subsection.3.3.3}{Tower Height Design}{section.3.3}% 48
\BOOKMARK [2][-]{subsection.3.3.4}{Receiver Thermal Efficiency}{section.3.3}% 49
\BOOKMARK [1][-]{section.3.4}{Cavity Receiver Design Model}{chapter.3}% 50
\BOOKMARK [2][-]{subsection.3.4.1}{Geometry Design}{section.3.4}% 51
\BOOKMARK [2][-]{subsection.3.4.2}{Tube and Panel Design}{section.3.4}% 52
\BOOKMARK [2][-]{subsection.3.4.3}{Tower Height Design}{section.3.4}% 53
\BOOKMARK [2][-]{subsection.3.4.4}{Receiver Thermal Efficiency}{section.3.4}% 54
\BOOKMARK [0][-]{chapter.4}{Implementation of the Design Method}{}% 55
\BOOKMARK [1][-]{section.4.1}{Software Description}{chapter.4}% 56
\BOOKMARK [1][-]{section.4.2}{devISEcrs - A Design Tool}{chapter.4}% 57
\BOOKMARK [1][-]{section.4.3}{Implementation Structure of Receiver Module in devISEcrs}{chapter.4}% 58
\BOOKMARK [1][-]{section.4.4}{Inputs/outputs of Receiver Module}{chapter.4}% 59
\BOOKMARK [2][-]{subsection.4.4.1}{Receiver class}{section.4.4}% 60
\BOOKMARK [2][-]{subsection.4.4.2}{External receiver class}{section.4.4}% 61
\BOOKMARK [2][-]{subsection.4.4.3}{Cavity receiver class}{section.4.4}% 62
\BOOKMARK [0][-]{chapter.5}{Results and Validation}{}% 63
\BOOKMARK [1][-]{section.5.1}{Validation of the Design Method}{chapter.5}% 64
\BOOKMARK [2][-]{subsection.5.1.1}{External receiver}{section.5.1}% 65
\BOOKMARK [2][-]{subsection.5.1.2}{Cavity receiver}{section.5.1}% 66
\BOOKMARK [1][-]{section.5.2}{Effect of Spillage Loss on Heliostat Size}{chapter.5}% 67
\BOOKMARK [0][-]{chapter.6}{Conclusions}{}% 68
\BOOKMARK [0][-]{chapter*.58}{Bibliography}{}% 69
